<?xml version="1.0" encoding="UTF-8"?>
<!-- Generated by org.testng.reporters.JUnitReportReporter -->
<testsuite hostname="94N0PT2" failures="0" tests="1" name="com.tests.ShoppingCart" time="20.223" errors="0" timestamp="19 Aug 2021 10:07:57 GMT" skipped="0">
  <testcase classname="com.tests.ShoppingCart" name="ShoppingCartCheckTabs" time="20.223"/>
</testsuite> <!-- com.tests.ShoppingCart -->
