<?xml version="1.0" encoding="UTF-8"?>
<testsuite xmlns:xsi="http://www.w3.org/2001/XMLSchema-instance" xsi:noNamespaceSchemaLocation="https://maven.apache.org/surefire/maven-surefire-plugin/xsd/surefire-test-report-3.0.xsd" version="3.0" name="TestSuite" time="20.547" tests="1" errors="0" skipped="0" failures="0">
  <properties>
    <property name="java.specification.version" value="15"/>
    <property name="webdriver.chrome.driver" value="C:\Users\1002162\eclipse-workspace\ICONProduct\WebAutomationTesting/drivers/chromedriver.exe"/>
    <property name="sun.cpu.isalist" value="amd64"/>
    <property name="sun.jnu.encoding" value="Cp1252"/>
    <property name="java.class.path" value="C:\Users\1002162\eclipse-workspace\ICONProduct\WebAutomationTesting\target\test-classes;C:\Users\1002162\eclipse-workspace\ICONProduct\WebAutomationTesting\target\classes;C:\Users\1002162\.m2\repository\org\seleniumhq\selenium\selenium-java\3.9.1\selenium-java-3.9.1.jar;C:\Users\1002162\.m2\repository\org\seleniumhq\selenium\selenium-chrome-driver\3.9.1\selenium-chrome-driver-3.9.1.jar;C:\Users\1002162\.m2\repository\org\seleniumhq\selenium\selenium-edge-driver\3.9.1\selenium-edge-driver-3.9.1.jar;C:\Users\1002162\.m2\repository\org\seleniumhq\selenium\selenium-firefox-driver\3.9.1\selenium-firefox-driver-3.9.1.jar;C:\Users\1002162\.m2\repository\org\seleniumhq\selenium\selenium-ie-driver\3.9.1\selenium-ie-driver-3.9.1.jar;C:\Users\1002162\.m2\repository\org\seleniumhq\selenium\selenium-opera-driver\3.9.1\selenium-opera-driver-3.9.1.jar;C:\Users\1002162\.m2\repository\org\seleniumhq\selenium\selenium-safari-driver\3.9.1\selenium-safari-driver-3.9.1.jar;C:\Users\1002162\.m2\repository\org\seleniumhq\selenium\selenium-support\3.9.1\selenium-support-3.9.1.jar;C:\Users\1002162\.m2\repository\net\bytebuddy\byte-buddy\1.7.9\byte-buddy-1.7.9.jar;C:\Users\1002162\.m2\repository\org\apache\commons\commons-exec\1.3\commons-exec-1.3.jar;C:\Users\1002162\.m2\repository\commons-codec\commons-codec\1.10\commons-codec-1.10.jar;C:\Users\1002162\.m2\repository\commons-logging\commons-logging\1.2\commons-logging-1.2.jar;C:\Users\1002162\.m2\repository\com\google\code\gson\gson\2.8.2\gson-2.8.2.jar;C:\Users\1002162\.m2\repository\com\google\guava\guava\23.6-jre\guava-23.6-jre.jar;C:\Users\1002162\.m2\repository\com\google\code\findbugs\jsr305\1.3.9\jsr305-1.3.9.jar;C:\Users\1002162\.m2\repository\org\checkerframework\checker-compat-qual\2.0.0\checker-compat-qual-2.0.0.jar;C:\Users\1002162\.m2\repository\com\google\errorprone\error_prone_annotations\2.1.3\error_prone_annotations-2.1.3.jar;C:\Users\1002162\.m2\repository\com\google\j2objc\j2objc-annotations\1.1\j2objc-annotations-1.1.jar;C:\Users\1002162\.m2\repository\org\codehaus\mojo\animal-sniffer-annotations\1.14\animal-sniffer-annotations-1.14.jar;C:\Users\1002162\.m2\repository\org\apache\httpcomponents\httpclient\4.5.3\httpclient-4.5.3.jar;C:\Users\1002162\.m2\repository\org\apache\httpcomponents\httpcore\4.4.6\httpcore-4.4.6.jar;C:\Users\1002162\.m2\repository\com\squareup\okhttp3\okhttp\3.9.1\okhttp-3.9.1.jar;C:\Users\1002162\.m2\repository\com\squareup\okio\okio\1.13.0\okio-1.13.0.jar;C:\Users\1002162\.m2\repository\org\seleniumhq\selenium\selenium-api\3.9.1\selenium-api-3.9.1.jar;C:\Users\1002162\.m2\repository\org\apache\poi\poi-ooxml\4.1.0\poi-ooxml-4.1.0.jar;C:\Users\1002162\.m2\repository\org\apache\poi\poi\4.1.0\poi-4.1.0.jar;C:\Users\1002162\.m2\repository\org\apache\commons\commons-collections4\4.3\commons-collections4-4.3.jar;C:\Users\1002162\.m2\repository\org\apache\commons\commons-math3\3.6.1\commons-math3-3.6.1.jar;C:\Users\1002162\.m2\repository\org\apache\poi\poi-ooxml-schemas\4.1.0\poi-ooxml-schemas-4.1.0.jar;C:\Users\1002162\.m2\repository\org\apache\xmlbeans\xmlbeans\3.1.0\xmlbeans-3.1.0.jar;C:\Users\1002162\.m2\repository\org\apache\commons\commons-compress\1.18\commons-compress-1.18.jar;C:\Users\1002162\.m2\repository\com\github\virtuald\curvesapi\1.06\curvesapi-1.06.jar;C:\Users\1002162\.m2\repository\org\seleniumhq\selenium\selenium-remote-driver\3.6.0\selenium-remote-driver-3.6.0.jar;C:\Users\1002162\.m2\repository\net\java\dev\jna\jna\4.1.0\jna-4.1.0.jar;C:\Users\1002162\.m2\repository\net\java\dev\jna\jna-platform\4.1.0\jna-platform-4.1.0.jar;C:\Users\1002162\.m2\repository\org\testng\testng\6.14.3\testng-6.14.3.jar;C:\Users\1002162\.m2\repository\com\beust\jcommander\1.72\jcommander-1.72.jar;C:\Users\1002162\.m2\repository\org\apache-extras\beanshell\bsh\2.0b6\bsh-2.0b6.jar;C:\Users\1002162\.m2\repository\org\influxdb\influxdb-java\2.12\influxdb-java-2.12.jar;C:\Users\1002162\.m2\repository\com\squareup\retrofit2\retrofit\2.4.0\retrofit-2.4.0.jar;C:\Users\1002162\.m2\repository\com\squareup\retrofit2\converter-moshi\2.4.0\converter-moshi-2.4.0.jar;C:\Users\1002162\.m2\repository\com\squareup\moshi\moshi\1.5.0\moshi-1.5.0.jar;C:\Users\1002162\.m2\repository\org\msgpack\msgpack-core\0.8.16\msgpack-core-0.8.16.jar;C:\Users\1002162\.m2\repository\com\squareup\okhttp3\logging-interceptor\3.11.0\logging-interceptor-3.11.0.jar;C:\Users\1002162\.m2\repository\com\relevantcodes\extentreports\2.41.2\extentreports-2.41.2.jar;C:\Users\1002162\.m2\repository\org\jsoup\jsoup\1.8.3\jsoup-1.8.3.jar;C:\Users\1002162\.m2\repository\org\xerial\sqlite-jdbc\3.8.11.1\sqlite-jdbc-3.8.11.1.jar;C:\Users\1002162\.m2\repository\org\freemarker\freemarker\2.3.23\freemarker-2.3.23.jar;C:\Users\1002162\.m2\repository\org\mongodb\mongodb-driver\3.0.4\mongodb-driver-3.0.4.jar;C:\Users\1002162\.m2\repository\org\mongodb\bson\3.0.4\bson-3.0.4.jar;C:\Users\1002162\.m2\repository\org\mongodb\mongodb-driver-core\3.0.4\mongodb-driver-core-3.0.4.jar;C:\Users\1002162\.m2\repository\com\applitools\eyes-selenium-java3\3.207.3\eyes-selenium-java3-3.207.3.jar;C:\Users\1002162\.m2\repository\com\applitools\eyes-selenium-common-java3\3.207.3\eyes-selenium-common-java3-3.207.3.jar;C:\Users\1002162\.m2\repository\com\applitools\eyes-sdk-core-java3\3.207.3\eyes-sdk-core-java3-3.207.3.jar;C:\Users\1002162\.m2\repository\com\applitools\eyes-ufg-java3\3.207.3\eyes-ufg-java3-3.207.3.jar;C:\Users\1002162\.m2\repository\com\applitools\eyes-connectivity-java3\3.207.3\eyes-connectivity-java3-3.207.3.jar;C:\Users\1002162\.m2\repository\net\sourceforge\cssparser\cssparser\0.9.27\cssparser-0.9.27.jar;C:\Users\1002162\.m2\repository\org\w3c\css\sac\1.3\sac-1.3.jar;C:\Users\1002162\.m2\repository\com\applitools\eyes-connectivity-java3-jersey2x\3.207.3\eyes-connectivity-java3-jersey2x-3.207.3.jar;C:\Users\1002162\.m2\repository\com\applitools\eyes-common-java3\3.207.3\eyes-common-java3-3.207.3.jar;C:\Users\1002162\.m2\repository\org\imgscalr\imgscalr-lib\4.2\imgscalr-lib-4.2.jar;C:\Users\1002162\.m2\repository\commons-io\commons-io\2.6\commons-io-2.6.jar;C:\Users\1002162\.m2\repository\org\apache\commons\commons-lang3\3.8.1\commons-lang3-3.8.1.jar;C:\Users\1002162\.m2\repository\org\brotli\dec\0.1.1\dec-0.1.1.jar;C:\Users\1002162\.m2\repository\com\fasterxml\jackson\core\jackson-databind\2.11.0\jackson-databind-2.11.0.jar;C:\Users\1002162\.m2\repository\com\fasterxml\jackson\core\jackson-annotations\2.11.0\jackson-annotations-2.11.0.jar;C:\Users\1002162\.m2\repository\com\fasterxml\jackson\core\jackson-core\2.11.0\jackson-core-2.11.0.jar;C:\Users\1002162\.m2\repository\org\glassfish\jersey\connectors\jersey-apache-connector\2.29\jersey-apache-connector-2.29.jar;C:\Users\1002162\.m2\repository\org\glassfish\jersey\core\jersey-common\2.29\jersey-common-2.29.jar;C:\Users\1002162\.m2\repository\jakarta\annotation\jakarta.annotation-api\1.3.4\jakarta.annotation-api-1.3.4.jar;C:\Users\1002162\.m2\repository\org\glassfish\hk2\osgi-resource-locator\1.0.3\osgi-resource-locator-1.0.3.jar;C:\Users\1002162\.m2\repository\com\sun\activation\jakarta.activation\1.2.1\jakarta.activation-1.2.1.jar;C:\Users\1002162\.m2\repository\jakarta\ws\rs\jakarta.ws.rs-api\2.1.5\jakarta.ws.rs-api-2.1.5.jar;C:\Users\1002162\.m2\repository\org\glassfish\jersey\core\jersey-client\2.29\jersey-client-2.29.jar;C:\Users\1002162\.m2\repository\org\glassfish\hk2\external\jakarta.inject\2.5.0\jakarta.inject-2.5.0.jar;C:\Users\1002162\.m2\repository\org\glassfish\jersey\inject\jersey-hk2\2.29\jersey-hk2-2.29.jar;C:\Users\1002162\.m2\repository\org\glassfish\hk2\hk2-locator\2.5.0\hk2-locator-2.5.0.jar;C:\Users\1002162\.m2\repository\org\glassfish\hk2\external\aopalliance-repackaged\2.5.0\aopalliance-repackaged-2.5.0.jar;C:\Users\1002162\.m2\repository\org\glassfish\hk2\hk2-api\2.5.0\hk2-api-2.5.0.jar;C:\Users\1002162\.m2\repository\org\glassfish\hk2\hk2-utils\2.5.0\hk2-utils-2.5.0.jar;C:\Users\1002162\.m2\repository\org\javassist\javassist\3.22.0-CR2\javassist-3.22.0-CR2.jar;C:\Users\1002162\.m2\repository\com\helger\ph-css\6.1.1\ph-css-6.1.1.jar;C:\Users\1002162\.m2\repository\com\helger\ph-commons\9.0.2\ph-commons-9.0.2.jar;C:\Users\1002162\.m2\repository\org\slf4j\slf4j-api\1.7.25\slf4j-api-1.7.25.jar;C:\Users\1002162\.m2\repository\javax\activation\activation\1.1.1\activation-1.1.1.jar;"/>
    <property name="java.vm.vendor" value="Oracle Corporation"/>
    <property name="sun.arch.data.model" value="64"/>
    <property name="user.variant" value=""/>
    <property name="java.vendor.url" value="https://java.oracle.com/"/>
    <property name="user.timezone" value="Asia/Calcutta"/>
    <property name="os.name" value="Windows 10"/>
    <property name="java.vm.specification.version" value="15"/>
    <property name="sun.java.launcher" value="SUN_STANDARD"/>
    <property name="user.country" value="IN"/>
    <property name="sun.boot.library.path" value="C:\Users\1002162\.p2\pool\plugins\org.eclipse.justj.openjdk.hotspot.jre.full.win32.x86_64_15.0.2.v20210201-0955\jre\bin"/>
    <property name="sun.java.command" value="C:\Users\1002162\AppData\Local\Temp\surefire5587401270236683755\surefirebooter11476931988668379000.jar C:\Users\1002162\AppData\Local\Temp\surefire5587401270236683755 2021-08-19T15-37-35_859-jvmRun1 surefire5620289718503660828tmp surefire_015428779869514436340tmp"/>
    <property name="jdk.debug" value="release"/>
    <property name="surefire.test.class.path" value="C:\Users\1002162\eclipse-workspace\ICONProduct\WebAutomationTesting\target\test-classes;C:\Users\1002162\eclipse-workspace\ICONProduct\WebAutomationTesting\target\classes;C:\Users\1002162\.m2\repository\org\seleniumhq\selenium\selenium-java\3.9.1\selenium-java-3.9.1.jar;C:\Users\1002162\.m2\repository\org\seleniumhq\selenium\selenium-chrome-driver\3.9.1\selenium-chrome-driver-3.9.1.jar;C:\Users\1002162\.m2\repository\org\seleniumhq\selenium\selenium-edge-driver\3.9.1\selenium-edge-driver-3.9.1.jar;C:\Users\1002162\.m2\repository\org\seleniumhq\selenium\selenium-firefox-driver\3.9.1\selenium-firefox-driver-3.9.1.jar;C:\Users\1002162\.m2\repository\org\seleniumhq\selenium\selenium-ie-driver\3.9.1\selenium-ie-driver-3.9.1.jar;C:\Users\1002162\.m2\repository\org\seleniumhq\selenium\selenium-opera-driver\3.9.1\selenium-opera-driver-3.9.1.jar;C:\Users\1002162\.m2\repository\org\seleniumhq\selenium\selenium-safari-driver\3.9.1\selenium-safari-driver-3.9.1.jar;C:\Users\1002162\.m2\repository\org\seleniumhq\selenium\selenium-support\3.9.1\selenium-support-3.9.1.jar;C:\Users\1002162\.m2\repository\net\bytebuddy\byte-buddy\1.7.9\byte-buddy-1.7.9.jar;C:\Users\1002162\.m2\repository\org\apache\commons\commons-exec\1.3\commons-exec-1.3.jar;C:\Users\1002162\.m2\repository\commons-codec\commons-codec\1.10\commons-codec-1.10.jar;C:\Users\1002162\.m2\repository\commons-logging\commons-logging\1.2\commons-logging-1.2.jar;C:\Users\1002162\.m2\repository\com\google\code\gson\gson\2.8.2\gson-2.8.2.jar;C:\Users\1002162\.m2\repository\com\google\guava\guava\23.6-jre\guava-23.6-jre.jar;C:\Users\1002162\.m2\repository\com\google\code\findbugs\jsr305\1.3.9\jsr305-1.3.9.jar;C:\Users\1002162\.m2\repository\org\checkerframework\checker-compat-qual\2.0.0\checker-compat-qual-2.0.0.jar;C:\Users\1002162\.m2\repository\com\google\errorprone\error_prone_annotations\2.1.3\error_prone_annotations-2.1.3.jar;C:\Users\1002162\.m2\repository\com\google\j2objc\j2objc-annotations\1.1\j2objc-annotations-1.1.jar;C:\Users\1002162\.m2\repository\org\codehaus\mojo\animal-sniffer-annotations\1.14\animal-sniffer-annotations-1.14.jar;C:\Users\1002162\.m2\repository\org\apache\httpcomponents\httpclient\4.5.3\httpclient-4.5.3.jar;C:\Users\1002162\.m2\repository\org\apache\httpcomponents\httpcore\4.4.6\httpcore-4.4.6.jar;C:\Users\1002162\.m2\repository\com\squareup\okhttp3\okhttp\3.9.1\okhttp-3.9.1.jar;C:\Users\1002162\.m2\repository\com\squareup\okio\okio\1.13.0\okio-1.13.0.jar;C:\Users\1002162\.m2\repository\org\seleniumhq\selenium\selenium-api\3.9.1\selenium-api-3.9.1.jar;C:\Users\1002162\.m2\repository\org\apache\poi\poi-ooxml\4.1.0\poi-ooxml-4.1.0.jar;C:\Users\1002162\.m2\repository\org\apache\poi\poi\4.1.0\poi-4.1.0.jar;C:\Users\1002162\.m2\repository\org\apache\commons\commons-collections4\4.3\commons-collections4-4.3.jar;C:\Users\1002162\.m2\repository\org\apache\commons\commons-math3\3.6.1\commons-math3-3.6.1.jar;C:\Users\1002162\.m2\repository\org\apache\poi\poi-ooxml-schemas\4.1.0\poi-ooxml-schemas-4.1.0.jar;C:\Users\1002162\.m2\repository\org\apache\xmlbeans\xmlbeans\3.1.0\xmlbeans-3.1.0.jar;C:\Users\1002162\.m2\repository\org\apache\commons\commons-compress\1.18\commons-compress-1.18.jar;C:\Users\1002162\.m2\repository\com\github\virtuald\curvesapi\1.06\curvesapi-1.06.jar;C:\Users\1002162\.m2\repository\org\seleniumhq\selenium\selenium-remote-driver\3.6.0\selenium-remote-driver-3.6.0.jar;C:\Users\1002162\.m2\repository\net\java\dev\jna\jna\4.1.0\jna-4.1.0.jar;C:\Users\1002162\.m2\repository\net\java\dev\jna\jna-platform\4.1.0\jna-platform-4.1.0.jar;C:\Users\1002162\.m2\repository\org\testng\testng\6.14.3\testng-6.14.3.jar;C:\Users\1002162\.m2\repository\com\beust\jcommander\1.72\jcommander-1.72.jar;C:\Users\1002162\.m2\repository\org\apache-extras\beanshell\bsh\2.0b6\bsh-2.0b6.jar;C:\Users\1002162\.m2\repository\org\influxdb\influxdb-java\2.12\influxdb-java-2.12.jar;C:\Users\1002162\.m2\repository\com\squareup\retrofit2\retrofit\2.4.0\retrofit-2.4.0.jar;C:\Users\1002162\.m2\repository\com\squareup\retrofit2\converter-moshi\2.4.0\converter-moshi-2.4.0.jar;C:\Users\1002162\.m2\repository\com\squareup\moshi\moshi\1.5.0\moshi-1.5.0.jar;C:\Users\1002162\.m2\repository\org\msgpack\msgpack-core\0.8.16\msgpack-core-0.8.16.jar;C:\Users\1002162\.m2\repository\com\squareup\okhttp3\logging-interceptor\3.11.0\logging-interceptor-3.11.0.jar;C:\Users\1002162\.m2\repository\com\relevantcodes\extentreports\2.41.2\extentreports-2.41.2.jar;C:\Users\1002162\.m2\repository\org\jsoup\jsoup\1.8.3\jsoup-1.8.3.jar;C:\Users\1002162\.m2\repository\org\xerial\sqlite-jdbc\3.8.11.1\sqlite-jdbc-3.8.11.1.jar;C:\Users\1002162\.m2\repository\org\freemarker\freemarker\2.3.23\freemarker-2.3.23.jar;C:\Users\1002162\.m2\repository\org\mongodb\mongodb-driver\3.0.4\mongodb-driver-3.0.4.jar;C:\Users\1002162\.m2\repository\org\mongodb\bson\3.0.4\bson-3.0.4.jar;C:\Users\1002162\.m2\repository\org\mongodb\mongodb-driver-core\3.0.4\mongodb-driver-core-3.0.4.jar;C:\Users\1002162\.m2\repository\com\applitools\eyes-selenium-java3\3.207.3\eyes-selenium-java3-3.207.3.jar;C:\Users\1002162\.m2\repository\com\applitools\eyes-selenium-common-java3\3.207.3\eyes-selenium-common-java3-3.207.3.jar;C:\Users\1002162\.m2\repository\com\applitools\eyes-sdk-core-java3\3.207.3\eyes-sdk-core-java3-3.207.3.jar;C:\Users\1002162\.m2\repository\com\applitools\eyes-ufg-java3\3.207.3\eyes-ufg-java3-3.207.3.jar;C:\Users\1002162\.m2\repository\com\applitools\eyes-connectivity-java3\3.207.3\eyes-connectivity-java3-3.207.3.jar;C:\Users\1002162\.m2\repository\net\sourceforge\cssparser\cssparser\0.9.27\cssparser-0.9.27.jar;C:\Users\1002162\.m2\repository\org\w3c\css\sac\1.3\sac-1.3.jar;C:\Users\1002162\.m2\repository\com\applitools\eyes-connectivity-java3-jersey2x\3.207.3\eyes-connectivity-java3-jersey2x-3.207.3.jar;C:\Users\1002162\.m2\repository\com\applitools\eyes-common-java3\3.207.3\eyes-common-java3-3.207.3.jar;C:\Users\1002162\.m2\repository\org\imgscalr\imgscalr-lib\4.2\imgscalr-lib-4.2.jar;C:\Users\1002162\.m2\repository\commons-io\commons-io\2.6\commons-io-2.6.jar;C:\Users\1002162\.m2\repository\org\apache\commons\commons-lang3\3.8.1\commons-lang3-3.8.1.jar;C:\Users\1002162\.m2\repository\org\brotli\dec\0.1.1\dec-0.1.1.jar;C:\Users\1002162\.m2\repository\com\fasterxml\jackson\core\jackson-databind\2.11.0\jackson-databind-2.11.0.jar;C:\Users\1002162\.m2\repository\com\fasterxml\jackson\core\jackson-annotations\2.11.0\jackson-annotations-2.11.0.jar;C:\Users\1002162\.m2\repository\com\fasterxml\jackson\core\jackson-core\2.11.0\jackson-core-2.11.0.jar;C:\Users\1002162\.m2\repository\org\glassfish\jersey\connectors\jersey-apache-connector\2.29\jersey-apache-connector-2.29.jar;C:\Users\1002162\.m2\repository\org\glassfish\jersey\core\jersey-common\2.29\jersey-common-2.29.jar;C:\Users\1002162\.m2\repository\jakarta\annotation\jakarta.annotation-api\1.3.4\jakarta.annotation-api-1.3.4.jar;C:\Users\1002162\.m2\repository\org\glassfish\hk2\osgi-resource-locator\1.0.3\osgi-resource-locator-1.0.3.jar;C:\Users\1002162\.m2\repository\com\sun\activation\jakarta.activation\1.2.1\jakarta.activation-1.2.1.jar;C:\Users\1002162\.m2\repository\jakarta\ws\rs\jakarta.ws.rs-api\2.1.5\jakarta.ws.rs-api-2.1.5.jar;C:\Users\1002162\.m2\repository\org\glassfish\jersey\core\jersey-client\2.29\jersey-client-2.29.jar;C:\Users\1002162\.m2\repository\org\glassfish\hk2\external\jakarta.inject\2.5.0\jakarta.inject-2.5.0.jar;C:\Users\1002162\.m2\repository\org\glassfish\jersey\inject\jersey-hk2\2.29\jersey-hk2-2.29.jar;C:\Users\1002162\.m2\repository\org\glassfish\hk2\hk2-locator\2.5.0\hk2-locator-2.5.0.jar;C:\Users\1002162\.m2\repository\org\glassfish\hk2\external\aopalliance-repackaged\2.5.0\aopalliance-repackaged-2.5.0.jar;C:\Users\1002162\.m2\repository\org\glassfish\hk2\hk2-api\2.5.0\hk2-api-2.5.0.jar;C:\Users\1002162\.m2\repository\org\glassfish\hk2\hk2-utils\2.5.0\hk2-utils-2.5.0.jar;C:\Users\1002162\.m2\repository\org\javassist\javassist\3.22.0-CR2\javassist-3.22.0-CR2.jar;C:\Users\1002162\.m2\repository\com\helger\ph-css\6.1.1\ph-css-6.1.1.jar;C:\Users\1002162\.m2\repository\com\helger\ph-commons\9.0.2\ph-commons-9.0.2.jar;C:\Users\1002162\.m2\repository\org\slf4j\slf4j-api\1.7.25\slf4j-api-1.7.25.jar;C:\Users\1002162\.m2\repository\javax\activation\activation\1.1.1\activation-1.1.1.jar;"/>
    <property name="sun.cpu.endian" value="little"/>
    <property name="user.home" value="C:\Users\1002162"/>
    <property name="user.language" value="en"/>
    <property name="java.specification.vendor" value="Oracle Corporation"/>
    <property name="java.version.date" value="2021-01-19"/>
    <property name="java.home" value="C:\Users\1002162\.p2\pool\plugins\org.eclipse.justj.openjdk.hotspot.jre.full.win32.x86_64_15.0.2.v20210201-0955\jre"/>
    <property name="file.separator" value="\"/>
    <property name="basedir" value="C:\Users\1002162\eclipse-workspace\ICONProduct\WebAutomationTesting"/>
    <property name="java.vm.compressedOopsMode" value="32-bit"/>
    <property name="line.separator" value="&#10;"/>
    <property name="java.vm.specification.vendor" value="Oracle Corporation"/>
    <property name="java.specification.name" value="Java Platform API Specification"/>
    <property name="surefire.real.class.path" value="C:\Users\1002162\AppData\Local\Temp\surefire5587401270236683755\surefirebooter11476931988668379000.jar"/>
    <property name="user.script" value=""/>
    <property name="sun.management.compiler" value="HotSpot 64-Bit Tiered Compilers"/>
    <property name="java.runtime.version" value="15.0.2+7-27"/>
    <property name="user.name" value="1002162"/>
    <property name="path.separator" value=";"/>
    <property name="os.version" value="10.0"/>
    <property name="java.runtime.name" value="OpenJDK Runtime Environment"/>
    <property name="file.encoding" value="Cp1252"/>
    <property name="java.vm.name" value="OpenJDK 64-Bit Server VM"/>
    <property name="localRepository" value="C:\Users\1002162\.m2\repository"/>
    <property name="java.vendor.url.bug" value="https://bugreport.java.com/bugreport/"/>
    <property name="java.io.tmpdir" value="C:\Users\1002162\AppData\Local\Temp\"/>
    <property name="java.version" value="15.0.2"/>
    <property name="user.dir" value="C:\Users\1002162\eclipse-workspace\ICONProduct\WebAutomationTesting"/>
    <property name="os.arch" value="amd64"/>
    <property name="java.vm.specification.name" value="Java Virtual Machine Specification"/>
    <property name="sun.os.patch.level" value=""/>
    <property name="java.library.path" value="C:\Users\1002162\.p2\pool\plugins\org.eclipse.justj.openjdk.hotspot.jre.full.win32.x86_64_15.0.2.v20210201-0955\jre\bin;C:\Windows\Sun\Java\bin;C:\Windows\system32;C:\Windows;C:/Users/1002162/.p2/pool/plugins/org.eclipse.justj.openjdk.hotspot.jre.full.win32.x86_64_15.0.2.v20210201-0955/jre/bin/server;C:/Users/1002162/.p2/pool/plugins/org.eclipse.justj.openjdk.hotspot.jre.full.win32.x86_64_15.0.2.v20210201-0955/jre/bin;C:\Program Files (x86)\Common Files\Oracle\Java\javapath;C:\Program Files\Microsoft MPI\Bin\;C:\Program Files\Zulu\zulu-8\bin\;C:\Program Files\AdoptOpenJDK\jdk-8.0.292.10-hotspot\bin;C:\Python38\Scripts\;C:\Python38\;C:\ProgramData\Oracle\Java\javapath;C:\Windows\system32;C:\Windows;C:\Windows\System32\Wbem;C:\Windows\System32\WindowsPowerShell\v1.0\;C:\Windows\System32\OpenSSH\;C:\Program Files (x86)\Intel\Intel(R) Management Engine Components\DAL;C:\Program Files\Intel\Intel(R) Management Engine Components\DAL;C:\Program Files (x86)\Windows Live\Shared;C:\Program Files\Java\jdk1.8.0_66\bin;C:\Program Files\nodejs\;C:\ProgramData\chocolatey\bin;E:\Tools\galen-bin-2.4.4;C:\Program Files\apache-maven-3.8.1-bin\apache-maven-3.8.1\bin;C:\Users\1002162\AppData\Local\Android\Sdk;C:\Users\1002162\AppData\Local\Programs\Git\bin;C:\Program Files\Microsoft SQL Server\Client SDK\ODBC\170\Tools\Binn\;C:\Program Files (x86)\Microsoft SQL Server\150\Tools\Binn\;C:\Program Files\Microsoft SQL Server\150\Tools\Binn\;C:\Program Files\Microsoft SQL Server\150\DTS\Binn\;C:\Python38\Scripts\;C:\Python38\;C:\ProgramData\Oracle\Java\javapath;C:\Windows\system32;C:\Windows;C:\Windows\System32\Wbem;C:\Windows\System32\WindowsPowerShell\v1.0\;C:\Windows\System32\OpenSSH\;C:\Program Files (x86)\Intel\Intel(R) Management Engine Components\DAL;C:\Program Files\Intel\Intel(R) Management Engine Components\DAL;C:\Program Files (x86)\Windows Live\Shared;C:\Program Files\Java\jdk1.8.0_66\bin;C:\Program Files\nodejs\;C:\ProgramData\chocolatey\bin;E:\Tools\galen-bin-2.4.4;C:\Users\1002162\AppData\Local\Microsoft\WindowsApps;D:\files;D:\seleniumjar\chromdriver&quot;;C:\Users\1002162\AppData\Local\Programs\Git\cmd;C:\Users\1002162\eclipse\java-2021-03\eclipse;;."/>
    <property name="java.vm.info" value="mixed mode"/>
    <property name="java.vendor" value="Oracle Corporation"/>
    <property name="java.vm.version" value="15.0.2+7-27"/>
    <property name="sun.io.unicode.encoding" value="UnicodeLittle"/>
    <property name="java.class.version" value="59.0"/>
  </properties>
  <testcase name="ShoppingCartCheckTabs" classname="com.tests.ShoppingCart" time="17.85">
    <system-out><![CDATA[&&&&&&&&&&&&&&&&&&&&&&&&&&&&&&&&&&&&&&&*************************
Entered username, password and clicked login button.
Navigated to Product List successfully.
User Navigated to the MY Cart page successfully.
User Navigated to the OrderList successfully
User Navigated to the CraeteProduct page successfully
Users Logged Out successfully
]]></system-out>
    <system-err><![CDATA[Starting ChromeDriver 92.0.4515.107 (87a818b10553a07434ea9e2b6dccf3cbe7895134-refs/branch-heads/4515@{#1634}) on port 35537
Only local connections are allowed.
Please see https://chromedriver.chromium.org/security-considerations for suggestions on keeping ChromeDriver safe.
ChromeDriver was started successfully.
Aug 19, 2021 3:37:38 PM org.openqa.selenium.remote.ProtocolHandshake createSession
INFO: Detected dialect: W3C
Aug 19, 2021 3:37:41 PM org.openqa.selenium.remote.Augmenter extractRemoteWebDriver
WARNING: Augmenter should be applied to the instances of @Augmentable classes or previously augmented instances only (instance class was: class org.openqa.selenium.chrome.ChromeDriver)
Aug 19, 2021 3:37:44 PM org.openqa.selenium.remote.Augmenter extractRemoteWebDriver
WARNING: Augmenter should be applied to the instances of @Augmentable classes or previously augmented instances only (instance class was: class org.openqa.selenium.chrome.ChromeDriver)
Aug 19, 2021 3:37:46 PM org.openqa.selenium.remote.Augmenter extractRemoteWebDriver
WARNING: Augmenter should be applied to the instances of @Augmentable classes or previously augmented instances only (instance class was: class org.openqa.selenium.chrome.ChromeDriver)
Aug 19, 2021 3:37:49 PM org.openqa.selenium.remote.Augmenter extractRemoteWebDriver
WARNING: Augmenter should be applied to the instances of @Augmentable classes or previously augmented instances only (instance class was: class org.openqa.selenium.chrome.ChromeDriver)
Aug 19, 2021 3:37:51 PM org.openqa.selenium.remote.Augmenter extractRemoteWebDriver
WARNING: Augmenter should be applied to the instances of @Augmentable classes or previously augmented instances only (instance class was: class org.openqa.selenium.chrome.ChromeDriver)
Aug 19, 2021 3:37:54 PM org.openqa.selenium.remote.Augmenter extractRemoteWebDriver
WARNING: Augmenter should be applied to the instances of @Augmentable classes or previously augmented instances only (instance class was: class org.openqa.selenium.chrome.ChromeDriver)
]]></system-err>
  </testcase>
</testsuite>